<?xml version="1.0" encoding="UTF-8"?>
<!-- Generated by org.testng.reporters.JUnitReportReporter -->
<testsuite hostname="Prajavani" failures="0" tests="60" name="parallel.TestNGRunner" time="553.558" errors="0" timestamp="2024-04-19T13:11:33 CDT" skipped="0">
  <testcase classname="parallel.TestNGRunner" name="runScenario" time="5.392"/>
  <testcase classname="parallel.TestNGRunner" name="runScenario" time="3.372"/>
  <testcase classname="parallel.TestNGRunner" name="runScenario" time="12.270"/>
  <testcase classname="parallel.TestNGRunner" name="runScenario" time="10.482"/>
  <testcase classname="parallel.TestNGRunner" name="runScenario" time="12.116"/>
  <testcase classname="parallel.TestNGRunner" name="runScenario" time="4.189"/>
  <testcase classname="parallel.TestNGRunner" name="runScenario" time="11.311"/>
  <testcase classname="parallel.TestNGRunner" name="runScenario" time="4.190"/>
  <testcase classname="parallel.TestNGRunner" name="runScenario" time="10.670"/>
  <testcase classname="parallel.TestNGRunner" name="runScenario" time="13.328"/>
  <testcase classname="parallel.TestNGRunner" name="runScenario" time="5.887"/>
  <testcase classname="parallel.TestNGRunner" name="runScenario" time="10.686"/>
  <testcase classname="parallel.TestNGRunner" name="runScenario" time="4.343"/>
  <testcase classname="parallel.TestNGRunner" name="runScenario" time="9.178"/>
  <testcase classname="parallel.TestNGRunner" name="runScenario" time="10.829"/>
  <testcase classname="parallel.TestNGRunner" name="runScenario" time="10.904"/>
  <testcase classname="parallel.TestNGRunner" name="runScenario" time="5.550"/>
  <testcase classname="parallel.TestNGRunner" name="runScenario" time="11.379"/>
  <testcase classname="parallel.TestNGRunner" name="runScenario" time="11.550"/>
  <testcase classname="parallel.TestNGRunner" name="runScenario" time="10.734"/>
  <testcase classname="parallel.TestNGRunner" name="runScenario" time="3.482"/>
  <testcase classname="parallel.TestNGRunner" name="runScenario" time="11.353"/>
  <testcase classname="parallel.TestNGRunner" name="runScenario" time="7.765"/>
  <testcase classname="parallel.TestNGRunner" name="runScenario" time="11.280"/>
  <testcase classname="parallel.TestNGRunner" name="runScenario" time="12.007"/>
  <testcase classname="parallel.TestNGRunner" name="runScenario" time="8.321"/>
  <testcase classname="parallel.TestNGRunner" name="runScenario" time="10.806"/>
  <testcase classname="parallel.TestNGRunner" name="runScenario" time="10.309"/>
  <testcase classname="parallel.TestNGRunner" name="runScenario" time="7.436"/>
  <testcase classname="parallel.TestNGRunner" name="runScenario" time="8.551"/>
  <testcase classname="parallel.TestNGRunner" name="runScenario" time="6.699"/>
  <testcase classname="parallel.TestNGRunner" name="runScenario" time="12.149"/>
  <testcase classname="parallel.TestNGRunner" name="runScenario" time="8.992"/>
  <testcase classname="parallel.TestNGRunner" name="runScenario" time="10.669"/>
  <testcase classname="parallel.TestNGRunner" name="runScenario" time="11.503"/>
  <testcase classname="parallel.TestNGRunner" name="runScenario" time="9.188"/>
  <testcase classname="parallel.TestNGRunner" name="runScenario" time="5.694"/>
  <testcase classname="parallel.TestNGRunner" name="runScenario" time="10.396"/>
  <testcase classname="parallel.TestNGRunner" name="runScenario" time="11.951"/>
  <testcase classname="parallel.TestNGRunner" name="runScenario" time="13.287"/>
  <testcase classname="parallel.TestNGRunner" name="runScenario" time="10.890"/>
  <testcase classname="parallel.TestNGRunner" name="runScenario" time="7.292"/>
  <testcase classname="parallel.TestNGRunner" name="runScenario" time="11.178"/>
  <testcase classname="parallel.TestNGRunner" name="runScenario" time="11.328"/>
  <testcase classname="parallel.TestNGRunner" name="runScenario" time="5.415"/>
  <testcase classname="parallel.TestNGRunner" name="runScenario" time="10.954"/>
  <testcase classname="parallel.TestNGRunner" name="runScenario" time="12.456"/>
  <testcase classname="parallel.TestNGRunner" name="runScenario" time="10.969"/>
  <testcase classname="parallel.TestNGRunner" name="runScenario" time="4.967"/>
  <testcase classname="parallel.TestNGRunner" name="runScenario" time="3.722"/>
  <testcase classname="parallel.TestNGRunner" name="runScenario" time="10.539"/>
  <testcase classname="parallel.TestNGRunner" name="runScenario" time="4.151"/>
  <testcase classname="parallel.TestNGRunner" name="runScenario" time="10.826"/>
  <testcase classname="parallel.TestNGRunner" name="runScenario" time="5.481"/>
  <testcase classname="parallel.TestNGRunner" name="runScenario" time="9.005"/>
  <testcase classname="parallel.TestNGRunner" name="runScenario" time="12.007"/>
  <testcase classname="parallel.TestNGRunner" name="runScenario" time="12.167"/>
  <testcase classname="parallel.TestNGRunner" name="runScenario" time="7.530"/>
  <testcase classname="parallel.TestNGRunner" name="runScenario" time="10.134"/>
  <testcase classname="parallel.TestNGRunner" name="runScenario" time="12.349"/>
</testsuite> <!-- parallel.TestNGRunner -->
